<?xml version="1.0" encoding="UTF-8"?>
<!-- Generated by org.testng.reporters.JUnitReportReporter -->
<testsuite hostname="IN3234436W1" failures="0" tests="1" name="salesforce_assignment.Testng_createopp_neg" time="66.562" errors="0" timestamp="2022-05-17T20:34:26 IST" skipped="0">
  <testcase classname="salesforce_assignment.Testng_createopp_neg" name="Test" time="66.562"/>
  <system-out/>
</testsuite> <!-- salesforce_assignment.Testng_createopp_neg -->
