<?xml version="1.0" encoding="UTF-8"?>
<!-- Generated by org.testng.reporters.JUnitReportReporter -->
<testsuite hostname="IN3234436W1" failures="0" tests="1" name="salesforce_assignment.Testngcreate_opp" time="64.470" errors="0" timestamp="2022-05-17T17:52:54 IST" skipped="0">
  <testcase classname="salesforce_assignment.Testngcreate_opp" name="Test" time="64.470"/>
  <system-out/>
</testsuite> <!-- salesforce_assignment.Testngcreate_opp -->
